<?xml version="1.0" encoding="UTF-8"?>
<testsuite xmlns:xsi="http://www.w3.org/2001/XMLSchema-instance" xsi:noNamespaceSchemaLocation="https://maven.apache.org/surefire/maven-surefire-plugin/xsd/surefire-test-report-3.0.xsd" version="3.0" name="badas.dev.gerenciamento.de.estoque.repository.ProdutoRepositoryTest" time="0.227" tests="4" errors="0" skipped="0" failures="0">
  <properties>
[...]
</properties>
  <testcase name="testBuscarProdutoPorNomeInexistente" classname="badas.dev.gerenciamento.de.estoque.repository.ProdutoRepositoryTest" time="0.19">
    <system-out><![CDATA[2024-06-12T20:14:09.689-03:00  INFO 19780 --- [gerenciamento-de-estoque] [           main] t.c.s.AnnotationConfigContextLoaderUtils : Could not detect default configuration classes for test class [badas.dev.gerenciamento.de.estoque.repository.ProdutoRepositoryTest]: ProdutoRepositoryTest does not declare any static, non-private, non-final, nested classes annotated with @Configuration.
2024-06-12T20:14:09.692-03:00  INFO 19780 --- [gerenciamento-de-estoque] [           main] .b.t.c.SpringBootTestContextBootstrapper : Found @SpringBootConfiguration badas.dev.gerenciamento.de.estoque.GerenciamentoDeEstoqueApplication for test class badas.dev.gerenciamento.de.estoque.repository.ProdutoRepositoryTest
]]></system-out>
  </testcase>
  <testcase name="testeEncontrarProdutoPorNome" classname="badas.dev.gerenciamento.de.estoque.repository.ProdutoRepositoryTest" time="0.01"/>
  <testcase name="testeAtualizarProduto" classname="badas.dev.gerenciamento.de.estoque.repository.ProdutoRepositoryTest" time="0.009"/>
  <testcase name="testeSalvarProduto" classname="badas.dev.gerenciamento.de.estoque.repository.ProdutoRepositoryTest" time="0.006"/>
</testsuite>